<?xml version="1.0" encoding="UTF-8"?>
<!-- Generated by org.testng.reporters.JUnitReportReporter -->
<testsuite skipped="0" hostname="MDTR09" name="com.maveric.test.ConnectLoginWIthAnnotationTest" tests="1" failures="0" timestamp="12 Mar 2019 05:53:31 GMT" time="36.746" errors="0">
  <testcase name="positiveCredentialCheck" time="36.746" classname="com.maveric.test.ConnectLoginWIthAnnotationTest"/>
</testsuite> <!-- com.maveric.test.ConnectLoginWIthAnnotationTest -->
